build/app/intermediates/manifest_merge_blame_file/debug/manifest-merger-blame-debug-report.txt
1<?xml version="1.0" encoding="utf-8"?>
2<manifest xmlns:android="http://schemas.android.com/apk/res/android"
3    package="com.tahani.mosquereporting"
4    android:versionCode="1"
5    android:versionName="1.0.0" >
6
7    <uses-sdk
8        android:minSdkVersion="21"
9        android:targetSdkVersion="31" />
10    <!--
11         The INTERNET permission is required for development. Specifically,
12         the Flutter tool needs it to communicate with the running application
13         to allow setting breakpoints, to provide hot reload, etc.
14    -->
15    <uses-permission android:name="android.permission.INTERNET" />
15-->src\main\AndroidManifest.xml:3:5-66
15-->src\main\AndroidManifest.xml:3:22-64
16    <uses-permission android:name="android.permission.ACCESS_FINE_LOCATION" />
16-->src\main\AndroidManifest.xml:4:5-79
16-->src\main\AndroidManifest.xml:4:22-76
17    <uses-permission android:name="android.permission.ACCESS_COARSE_LOCATION" />
17-->src\main\AndroidManifest.xml:5:5-81
17-->src\main\AndroidManifest.xml:5:22-78
18    <uses-permission android:name="android.permission.READ_EXTERNAL_STORAGE" />
18-->src\main\AndroidManifest.xml:6:5-79
18-->src\main\AndroidManifest.xml:6:22-77
19    <uses-permission android:name="android.permission.FOREGROUND_SERVICE" /> <!-- Include required permissions for Google Maps API to run. -->
19-->[:geolocator_android] AndroidManifest.xml:9:5-77
19-->[:geolocator_android] AndroidManifest.xml:9:22-74
20    <uses-permission android:name="android.permission.ACCESS_NETWORK_STATE" />
20-->[com.google.android.gms:play-services-maps:18.1.0] AndroidManifest.xml:23:5-79
20-->[com.google.android.gms:play-services-maps:18.1.0] AndroidManifest.xml:23:22-76
21
22    <uses-feature
22-->[com.google.android.gms:play-services-maps:18.1.0] AndroidManifest.xml:26:5-28:35
23        android:glEsVersion="0x00020000"
23-->[com.google.android.gms:play-services-maps:18.1.0] AndroidManifest.xml:27:9-41
24        android:required="true" />
24-->[com.google.android.gms:play-services-maps:18.1.0] AndroidManifest.xml:28:9-32
25
26    <queries>
26-->[com.google.android.gms:play-services-maps:18.1.0] AndroidManifest.xml:30:5-34:15
27
28        <!-- Needs to be explicitly declared on Android R+ -->
29        <package android:name="com.google.android.apps.maps" />
29-->[com.google.android.gms:play-services-maps:18.1.0] AndroidManifest.xml:33:9-64
29-->[com.google.android.gms:play-services-maps:18.1.0] AndroidManifest.xml:33:18-61
30    </queries>
31
32    <application
33        android:name="android.app.Application"
34        android:appComponentFactory="androidx.core.app.CoreComponentFactory"
34-->[androidx.core:core:1.8.0] AndroidManifest.xml:24:18-86
35        android:debuggable="true"
36        android:icon="@mipmap/ic_launcher"
37        android:label="Sahem" >
38        <activity
39            android:name="com.tahani.mosquereporting.MainActivity"
40            android:configChanges="orientation|keyboardHidden|keyboard|screenSize|smallestScreenSize|locale|layoutDirection|fontScale|screenLayout|density|uiMode"
41            android:exported="true"
42            android:hardwareAccelerated="true"
43            android:launchMode="singleTop"
44            android:theme="@style/LaunchTheme"
45            android:windowSoftInputMode="adjustResize" >
46
47            <!--
48                 Specifies an Android theme to apply to this Activity as soon as
49                 the Android process has started. This theme is visible to the user
50                 while the Flutter UI initializes. After that, this theme continues
51                 to determine the Window background behind the Flutter UI.
52            -->
53            <meta-data
54                android:name="io.flutter.embedding.android.NormalTheme"
55                android:resource="@style/NormalTheme" />
56
57            <intent-filter>
58                <action android:name="android.intent.action.MAIN" />
59
60                <category android:name="android.intent.category.LAUNCHER" />
61            </intent-filter>
62        </activity>
63        <!--
64             Don't delete the meta-data below.
65             This is used by the Flutter tool to generate GeneratedPluginRegistrant.java
66        -->
67        <meta-data
68            android:name="flutterEmbedding"
69            android:value="2" />
70        <meta-data
71            android:name="com.google.android.geo.API_KEY"
72            android:value="AIzaSyCaoQAmcU4xTweYMdXWs__SuV_0gYQuUck" />
73
74        <service
74-->[:geolocator_android] AndroidManifest.xml:12:9-16:56
75            android:name="com.baseflow.geolocator.GeolocatorLocationService"
75-->[:geolocator_android] AndroidManifest.xml:13:13-77
76            android:enabled="true"
76-->[:geolocator_android] AndroidManifest.xml:14:13-35
77            android:exported="false"
77-->[:geolocator_android] AndroidManifest.xml:15:13-37
78            android:foregroundServiceType="location" />
78-->[:geolocator_android] AndroidManifest.xml:16:13-53
79
80        <provider
80-->[:image_picker_android] AndroidManifest.xml:10:9-18:20
81            android:name="io.flutter.plugins.imagepicker.ImagePickerFileProvider"
81-->[:image_picker_android] AndroidManifest.xml:11:13-82
82            android:authorities="com.tahani.mosquereporting.flutter.image_provider"
82-->[:image_picker_android] AndroidManifest.xml:12:13-74
83            android:exported="false"
83-->[:image_picker_android] AndroidManifest.xml:13:13-37
84            android:grantUriPermissions="true" >
84-->[:image_picker_android] AndroidManifest.xml:14:13-47
85            <meta-data
85-->[:image_picker_android] AndroidManifest.xml:15:13-17:75
86                android:name="android.support.FILE_PROVIDER_PATHS"
86-->[:image_picker_android] AndroidManifest.xml:16:17-67
87                android:resource="@xml/flutter_image_picker_file_paths" />
87-->[:image_picker_android] AndroidManifest.xml:17:17-72
88        </provider>
89
90        <service
90-->[:location] AndroidManifest.xml:13:9-17:56
91            android:name="com.lyokone.location.FlutterLocationService"
91-->[:location] AndroidManifest.xml:14:13-71
92            android:enabled="true"
92-->[:location] AndroidManifest.xml:15:13-35
93            android:exported="false"
93-->[:location] AndroidManifest.xml:16:13-37
94            android:foregroundServiceType="location" />
94-->[:location] AndroidManifest.xml:17:13-53
95
96        <uses-library
96-->[androidx.window:window:1.0.0-beta04] AndroidManifest.xml:25:9-27:40
97            android:name="androidx.window.extensions"
97-->[androidx.window:window:1.0.0-beta04] AndroidManifest.xml:26:13-54
98            android:required="false" />
98-->[androidx.window:window:1.0.0-beta04] AndroidManifest.xml:27:13-37
99        <uses-library
99-->[androidx.window:window:1.0.0-beta04] AndroidManifest.xml:28:9-30:40
100            android:name="androidx.window.sidecar"
100-->[androidx.window:window:1.0.0-beta04] AndroidManifest.xml:29:13-51
101            android:required="false" /> <!-- Needs to be explicitly declared on P+ -->
101-->[androidx.window:window:1.0.0-beta04] AndroidManifest.xml:30:13-37
102        <uses-library
102-->[com.google.android.gms:play-services-maps:18.1.0] AndroidManifest.xml:39:9-41:40
103            android:name="org.apache.http.legacy"
103-->[com.google.android.gms:play-services-maps:18.1.0] AndroidManifest.xml:40:13-50
104            android:required="false" />
104-->[com.google.android.gms:play-services-maps:18.1.0] AndroidManifest.xml:41:13-37
105
106        <activity
106-->[com.google.android.gms:play-services-base:18.0.1] AndroidManifest.xml:20:9-22:45
107            android:name="com.google.android.gms.common.api.GoogleApiActivity"
107-->[com.google.android.gms:play-services-base:18.0.1] AndroidManifest.xml:20:19-85
108            android:exported="false"
108-->[com.google.android.gms:play-services-base:18.0.1] AndroidManifest.xml:22:19-43
109            android:theme="@android:style/Theme.Translucent.NoTitleBar" />
109-->[com.google.android.gms:play-services-base:18.0.1] AndroidManifest.xml:21:19-78
110
111        <meta-data
111-->[com.google.android.gms:play-services-basement:18.0.0] AndroidManifest.xml:21:9-23:69
112            android:name="com.google.android.gms.version"
112-->[com.google.android.gms:play-services-basement:18.0.0] AndroidManifest.xml:22:13-58
113            android:value="@integer/google_play_services_version" />
113-->[com.google.android.gms:play-services-basement:18.0.0] AndroidManifest.xml:23:13-66
114    </application>
115
116</manifest>